99.86 25.96 2.4918
99.94 25.96 3.1609
100.02 26.04 2.9683
100.06 26.04 1.9753
100.1 26.04 2.7723
99.86 26.04 2.8916
99.94 26.04 2.5672
99.98 26.04 2.5970
99.9 26.04 2.3815
100.02 26.08 2.5942
100.06 26.08 2.2614
100.1 26.08 2.8498
99.86 26.08 2.4604
99.94 26.08 2.4702
99.98 26.08 3.1169
99.9 26.08 3.0336
100.02 26.12 2.7278
100.06 26.12 2.3143
100.14 26.12 2.8117
100.1 26.12 2.8891
99.86 26.12 2.5399
99.94 26.12 3.0001
99.98 26.12 2.6940
99.9 26.12 2.3025
100.02 26.16 2.4654
100.06 26.16 2.6952
100.14 26.16 2.7451
99.94 26.16 2.7563
99.98 26.16 2.4051
99.9 26.16 2.1863
100.02 26.2 2.3316
100.06 26.2 2.7566
100.1 26.2 2.9103
100.02 26.24 2.2967
100.06 26.24 2.7181
100.14 26.24 2.0052
100.1 26.24 2.6856
99.94 26.24 2.5959
99.98 26.24 2.2886
99.9 26.24 2.6345
100.02 26.28 2.8403
100.06 26.28 2.7197
100.1 26.28 2.8599
99.98 26.28 2.0571
99.86 26.2 2.4652
99.94 26.2 2.8251
99.98 26.2 2.6245
99.9 26.2 2.8057
100.02 26.32 3.0973
100.06 26.36 2.8197
100.1 26.36 2.6305
99.94 26 2.2790
