99.86 25.96 3.0112
99.94 25.96 2.9012
100.02 26.04 2.0757
100.06 26.04 2.7226
100.1 26.04 3.0167
99.86 26.04 3.1094
99.94 26.04 3.0357
99.98 26.04 2.9357
99.9 26.04 2.8473
100.02 26.08 3.1661
100.06 26.08 2.9024
100.1 26.08 3.0666
99.86 26.08 3.1025
99.94 26.08 3.3660
99.98 26.08 3.3334
99.9 26.08 3.7224
100.02 26.12 3.3030
100.06 26.12 2.8583
100.14 26.12 2.9477
100.1 26.12 3.1444
99.86 26.12 3.0837
99.94 26.12 3.1116
99.98 26.12 3.3915
99.9 26.12 2.8324
100.02 26.16 2.9482
100.06 26.16 3.2695
100.14 26.16 2.7203
99.94 26.16 3.1415
99.98 26.16 3.1184
99.9 26.16 2.8359
100.02 26.2 2.4943
100.06 26.2 3.3652
100.1 26.2 3.0664
100.02 26.24 2.7607
100.06 26.24 3.2487
100.14 26.24 2.3715
100.1 26.24 3.5361
99.94 26.24 3.3894
99.98 26.24 3.0487
99.9 26.24 3.2472
100.02 26.28 2.9354
100.06 26.28 3.2374
100.1 26.28 2.8866
99.98 26.28 2.3605
99.86 26.2 3.1125
99.94 26.2 3.2524
99.98 26.2 2.6969
99.9 26.2 3.5255
100.02 26.32 3.6631
100.06 26.36 2.7539
100.1 26.36 2.9489
99.94 26 2.9472
