99.86 25.96 3.0942
99.94 25.96 3.3582
100.02 26.04 2.7570
100.06 26.04 1.8863
100.1 26.04 2.4492
99.86 26.04 3.1869
99.94 26.04 2.2320
99.98 26.04 2.6169
99.9 26.04 1.7358
100.02 26.08 2.2071
100.06 26.08 1.9370
100.1 26.08 2.3742
99.86 26.08 2.1314
99.94 26.08 2.3643
99.98 26.08 3.2013
99.9 26.08 2.9738
100.02 26.12 2.3992
100.06 26.12 2.3176
100.14 26.12 2.2001
100.1 26.12 2.9514
99.86 26.12 3.3516
99.94 26.12 2.6361
99.98 26.12 2.3274
99.9 26.12 2.0957
100.02 26.16 2.3501
100.06 26.16 2.8111
100.14 26.16 2.1089
99.94 26.16 2.3436
99.98 26.16 2.2050
99.9 26.16 2.1899
100.02 26.2 2.1999
100.06 26.2 2.4638
100.1 26.2 2.5858
100.02 26.24 2.0527
100.06 26.24 2.7614
100.14 26.24 2.0432
100.1 26.24 2.3787
99.94 26.24 2.5002
99.98 26.24 2.8042
99.9 26.24 2.2972
100.02 26.28 2.4483
100.06 26.28 2.0031
100.1 26.28 2.4926
99.98 26.28 1.3599
99.86 26.2 2.4942
99.94 26.2 2.3751
99.98 26.2 2.2926
99.9 26.2 2.5567
100.02 26.32 2.7426
100.06 26.36 1.8238
100.1 26.36 2.0854
99.94 26 2.1287
