99.86 25.96 3.8569
99.94 25.96 3.4183
100.02 26.04 2.6685
100.06 26.04 2.8551
100.1 26.04 3.3152
99.86 26.04 3.6990
99.94 26.04 3.4076
99.98 26.04 3.4987
99.9 26.04 3.4971
100.02 26.08 2.9130
100.06 26.08 3.5155
100.1 26.08 3.7620
99.86 26.08 3.4331
99.94 26.08 3.0863
99.98 26.08 3.7194
99.9 26.08 3.6533
100.02 26.12 3.1274
100.06 26.12 3.3629
100.14 26.12 3.7916
100.1 26.12 3.4307
99.86 26.12 3.2977
99.94 26.12 3.7472
99.98 26.12 3.7054
99.9 26.12 3.0088
100.02 26.16 3.2076
100.06 26.16 3.4988
100.14 26.16 3.1496
99.94 26.16 3.5051
99.98 26.16 3.0930
99.9 26.16 3.2697
100.02 26.2 3.1447
100.06 26.2 3.3974
100.1 26.2 3.2830
100.02 26.24 3.1406
100.06 26.24 3.3756
100.14 26.24 2.9840
100.1 26.24 3.2105
99.94 26.24 3.0432
99.98 26.24 2.9671
99.9 26.24 3.3500
100.02 26.28 3.8081
100.06 26.28 3.6850
100.1 26.28 3.4827
99.98 26.28 3.2995
99.86 26.2 3.5038
99.94 26.2 2.9994
99.98 26.2 3.3339
99.9 26.2 3.7449
100.02 26.32 3.7974
100.06 26.36 3.3572
100.1 26.36 3.2847
99.94 26 3.7025
