99.86 25.96 3.4342
99.94 25.96 3.2481
100.02 26.04 1.9371
100.06 26.04 2.5374
100.1 26.04 3.2247
99.86 26.04 3.7660
99.94 26.04 3.3974
99.98 26.04 3.4343
99.9 26.04 3.4386
100.02 26.08 2.7102
100.06 26.08 3.4463
100.1 26.08 3.8724
99.86 26.08 3.4421
99.94 26.08 3.0811
99.98 26.08 3.7715
99.9 26.08 3.7990
100.02 26.12 3.0284
100.06 26.12 3.2948
100.14 26.12 3.7219
100.1 26.12 3.4822
99.86 26.12 3.2380
99.94 26.12 3.7470
99.98 26.12 3.7533
99.9 26.12 2.8125
100.02 26.16 3.0557
100.06 26.16 3.5565
100.14 26.16 3.0518
99.94 26.16 3.5421
99.98 26.16 3.0188
99.9 26.16 3.0901
100.02 26.2 2.9211
100.06 26.2 3.3766
100.1 26.2 3.3124
100.02 26.24 2.8899
100.06 26.24 3.4241
100.14 26.24 2.5609
100.1 26.24 3.3146
99.94 26.24 2.9666
99.98 26.24 2.7529
99.9 26.24 3.3322
100.02 26.28 3.8888
100.06 26.28 3.7038
100.1 26.28 3.1717
99.98 26.28 3.0735
99.86 26.2 3.5339
99.94 26.2 3.0157
99.98 26.2 3.1781
99.9 26.2 3.7361
100.02 26.32 3.7883
100.06 26.36 3.2666
100.1 26.36 3.1699
99.94 26 3.6901
