99.86 25.96 3.3380
99.94 25.96 2.9642
100.02 26.04 2.7557
100.06 26.04 2.5784
100.1 26.04 3.1246
99.86 26.04 3.5609
99.94 26.04 3.2838
99.98 26.04 3.1952
99.9 26.04 3.2086
100.02 26.08 2.8877
100.06 26.08 3.1973
100.1 26.08 3.6246
99.86 26.08 3.3504
99.94 26.08 3.2827
99.98 26.08 3.5987
99.9 26.08 3.8020
100.02 26.12 3.1483
100.06 26.12 3.1439
100.14 26.12 3.2837
100.1 26.12 3.4334
99.86 26.12 3.1829
99.94 26.12 3.4707
99.98 26.12 3.6063
99.9 26.12 2.8220
100.02 26.16 2.9902
100.06 26.16 3.4869
100.14 26.16 2.9806
99.94 26.16 3.4153
99.98 26.16 3.1012
99.9 26.16 2.9213
100.02 26.2 2.7235
100.06 26.2 3.3508
100.1 26.2 3.3121
100.02 26.24 2.7401
100.06 26.24 3.4383
100.14 26.24 2.2639
100.1 26.24 3.5543
99.94 26.24 3.1820
99.98 26.24 2.8706
99.9 26.24 3.3302
100.02 26.28 3.5435
100.06 26.28 3.4851
100.1 26.28 2.7463
99.98 26.28 2.7220
99.86 26.2 3.4221
99.94 26.2 3.2308
99.98 26.2 2.9219
99.9 26.2 3.5833
100.02 26.32 3.6536
100.06 26.36 3.0680
100.1 26.36 3.0574
99.94 26 3.3885
