99.86 25.96 2.5833
99.94 25.96 3.1706
100.02 26.04 2.5744
100.06 26.04 2.3887
100.1 26.04 2.9182
99.86 26.04 2.6841
99.94 26.04 2.7641
99.98 26.04 2.8654
99.9 26.04 2.5335
100.02 26.08 3.0567
100.06 26.08 2.6827
100.1 26.08 2.6674
99.86 26.08 2.7887
99.94 26.08 3.0282
99.98 26.08 3.1666
99.9 26.08 3.5749
100.02 26.12 3.1479
100.06 26.12 2.4928
100.14 26.12 3.1868
100.1 26.12 2.7176
99.86 26.12 2.8513
99.94 26.12 2.9157
99.98 26.12 3.1799
99.9 26.12 2.5631
100.02 26.16 2.7321
100.06 26.16 3.0269
100.14 26.16 2.4367
99.94 26.16 2.9687
99.98 26.16 2.8784
99.9 26.16 2.6835
100.02 26.2 2.2688
100.06 26.2 3.3207
100.1 26.2 2.6895
100.02 26.24 2.7420
100.06 26.24 2.8704
100.14 26.24 2.7779
100.1 26.24 3.0536
99.94 26.24 3.1424
99.98 26.24 2.7195
99.9 26.24 2.9750
100.02 26.28 2.6827
100.06 26.28 3.1628
100.1 26.28 3.4692
99.98 26.28 2.2230
99.86 26.2 2.7094
99.94 26.2 2.9529
99.98 26.2 2.7386
99.9 26.2 3.4661
100.02 26.32 3.6826
100.06 26.36 2.6146
100.1 26.36 2.8443
99.94 26 2.5945
