99.86 25.96 2.2770
99.94 25.96 3.6763
100.02 26.04 2.3044
100.06 26.04 1.6736
100.1 26.04 1.7934
99.86 26.04 2.9032
99.94 26.04 2.0659
99.98 26.04 2.7470
99.9 26.04 2.4416
100.02 26.08 2.3518
100.06 26.08 1.8257
100.1 26.08 2.4845
99.86 26.08 2.8515
99.94 26.08 2.3818
99.98 26.08 2.2323
99.9 26.08 2.4121
100.02 26.12 2.5697
100.06 26.12 2.1127
100.14 26.12 1.9150
100.1 26.12 2.4067
99.86 26.12 3.6263
99.94 26.12 2.1516
99.98 26.12 2.4311
99.9 26.12 2.1009
100.02 26.16 1.9077
100.06 26.16 2.2131
100.14 26.16 2.5294
99.94 26.16 2.1533
99.98 26.16 2.2255
99.9 26.16 1.9561
100.02 26.2 2.1198
100.06 26.2 2.3698
100.1 26.2 2.4562
100.02 26.24 1.9023
100.06 26.24 2.6997
100.14 26.24 1.4921
100.1 26.24 2.2087
99.94 26.24 1.9055
99.98 26.24 2.4613
99.9 26.24 1.9007
100.02 26.28 2.3278
100.06 26.28 1.9652
100.1 26.28 2.5146
99.98 26.28 2.3789
99.86 26.2 3.0587
99.94 26.2 2.3685
99.98 26.2 2.2594
99.9 26.2 2.6506
100.02 26.32 2.4365
100.06 26.36 2.4389
100.1 26.36 1.5518
99.94 26 2.2244
